[2025-03-04 11:24:50,317] - INFO: running locally
[2025-03-04 11:24:50,317] - INFO: Loading environment variables from: /Users/I759962/Documents/repos/techChallenges/techChallenge3/./.env
[2025-03-04 11:24:50,317] - INFO: Environment variables loaded successfully
[2025-03-04 11:24:50,515] - DEBUG: Received bearer token from LeanIX
[2025-03-04 11:24:50,515] - DEBUG: Bearer Token: eyJraWQiOiI0ODQxM2FmNzc3YTEyZmJlNTVlMmYxNzQ5ODg4ODQ0MyIsImFsZyI6IlJTMjU2In0.eyJzdWIiOiJmNGU2OGQxMi1mNWNlLTQzNWMtYjZlNS1jNjg4M2Y4ZTFhYTQuMTEzNTI4NDgzNEB0ZWNobmljYWx1c2Vycy5sZWFuaXgubG9jYWwiLCJwcmluY2lwYWwiOnsiaWQiOiI0MmNiZTRjYy01YmEzLTQzOGMtYjRjNC1kNTZiNDJmOTVjYTIiLCJ1c2VybmFtZSI6ImY0ZTY4ZDEyLWY1Y2UtNDM1Yy1iNmU1LWM2ODgzZjhlMWFhNC4xMTM1Mjg0ODM0QHRlY2huaWNhbHVzZXJzLmxlYW5peC5sb2NhbCIsInJvbGUiOiJBQ0NPVU5UVVNFUiIsInN0YXR1cyI6IkFDVElWRSIsImFjY291bnQiOnsiaWQiOiI1YjA1NWMxYi0yZWEyLTQ1YmItOTMwNS00ODZkODMxZGU0YjUiLCJuYW1lIjoibGVhbml4In0sInBlcm1pc3Npb24iOnsiaWQiOiI0YTNlYmFkZi1iNTk3LTQ1YTUtODM0Ny0xNDUwZjU0NDJjMzciLCJ3b3Jrc3BhY2VJZCI6ImY0ZTY4ZDEyLWY1Y2UtNDM1Yy1iNmU1LWM2ODgzZjhlMWFhNCIsIndvcmtzcGFjZU5hbWUiOiJWSU1EZW1vIiwicm9sZSI6IkFETUlOIiwiY3VzdG9tZXJSb2xlcyI6bnVsbCwiYWNjZXNzQ29udHJvbEVudGl0aWVzIjpudWxsLCJzdGF0dXMiOiJBQ1RJVkUiLCJhc1VzZXIiOm51bGx9fSwiaXNzIjoiaHR0cHM6Ly91cy1zdmMubGVhbml4Lm5ldCIsImp0aSI6ImMwYjRkYzA4LWYyZGMtNGNjMC05NDNjLTQ4ZjY4MjJhNzE0ZCIsImV4cCI6MTc0MTEwOTA5MCwiaW5zdGFuY2VVcmwiOiJodHRwczovL2RlbW8tdXMtMS5sZWFuaXgubmV0IiwicmVnaW9uIjoiZWFzdHVzIn0.UkK_nOafu2IpzmXBPxbp1xX8I-2qpQsaDw92C6xkoy-Y_OcVyih5kuwuBhfnT6iwGAAlzkEjdM-m4trHyj_wFynR3de6QVLwSWmEcrGbZIFZj64Z-0xENfaX1c7Hp0ZCqq0D5NaJd8znxZz34H2K_kzug-4ugvkPkh0OPUONOPmKxfIfSiKMq_uZtmY464NgeFaiu25uJPwAUzInHEwy2KNTqlXG_QQn3oh57s2FbGBqVYxHaTKNMtZDwDTi743d5GHl6NcNn_rlGUqvJEH80JFyv_WJ5_PSscFbcWU6rgJZgqQv5X3YUCaqzaeMeonT5L5-tGRySbBDUv4KrV0oOg
[2025-03-04 11:24:50,516] - DEBUG: Workspace ID: f4e68d12-f5ce-435c-b6e5-c6883f8e1aa4
[2025-03-04 11:24:50,517] - DEBUG: Workspace Name: VIMDemo
[2025-03-04 11:24:50,517] - DEBUG: Technical User ID: 42cbe4cc-5ba3-438c-b4c4-d56b42f95ca2
[2025-03-04 11:24:50,517] - DEBUG: Technical User Email: f4e68d12-f5ce-435c-b6e5-c6883f8e1aa4.1135284834@technicalusers.leanix.local
[2025-03-04 11:24:50,517] - DEBUG: Technical User MTM Role: ACCOUNTUSER
[2025-03-04 11:24:50,518] - DEBUG: Technical User Workspace Role: ADMIN
[2025-03-04 11:24:50,518] - DEBUG: Headers: {'Authorization': 'Bearer eyJraWQiOiI0ODQxM2FmNzc3YTEyZmJlNTVlMmYxNzQ5ODg4ODQ0MyIsImFsZyI6IlJTMjU2In0.eyJzdWIiOiJmNGU2OGQxMi1mNWNlLTQzNWMtYjZlNS1jNjg4M2Y4ZTFhYTQuMTEzNTI4NDgzNEB0ZWNobmljYWx1c2Vycy5sZWFuaXgubG9jYWwiLCJwcmluY2lwYWwiOnsiaWQiOiI0MmNiZTRjYy01YmEzLTQzOGMtYjRjNC1kNTZiNDJmOTVjYTIiLCJ1c2VybmFtZSI6ImY0ZTY4ZDEyLWY1Y2UtNDM1Yy1iNmU1LWM2ODgzZjhlMWFhNC4xMTM1Mjg0ODM0QHRlY2huaWNhbHVzZXJzLmxlYW5peC5sb2NhbCIsInJvbGUiOiJBQ0NPVU5UVVNFUiIsInN0YXR1cyI6IkFDVElWRSIsImFjY291bnQiOnsiaWQiOiI1YjA1NWMxYi0yZWEyLTQ1YmItOTMwNS00ODZkODMxZGU0YjUiLCJuYW1lIjoibGVhbml4In0sInBlcm1pc3Npb24iOnsiaWQiOiI0YTNlYmFkZi1iNTk3LTQ1YTUtODM0Ny0xNDUwZjU0NDJjMzciLCJ3b3Jrc3BhY2VJZCI6ImY0ZTY4ZDEyLWY1Y2UtNDM1Yy1iNmU1LWM2ODgzZjhlMWFhNCIsIndvcmtzcGFjZU5hbWUiOiJWSU1EZW1vIiwicm9sZSI6IkFETUlOIiwiY3VzdG9tZXJSb2xlcyI6bnVsbCwiYWNjZXNzQ29udHJvbEVudGl0aWVzIjpudWxsLCJzdGF0dXMiOiJBQ1RJVkUiLCJhc1VzZXIiOm51bGx9fSwiaXNzIjoiaHR0cHM6Ly91cy1zdmMubGVhbml4Lm5ldCIsImp0aSI6ImMwYjRkYzA4LWYyZGMtNGNjMC05NDNjLTQ4ZjY4MjJhNzE0ZCIsImV4cCI6MTc0MTEwOTA5MCwiaW5zdGFuY2VVcmwiOiJodHRwczovL2RlbW8tdXMtMS5sZWFuaXgubmV0IiwicmVnaW9uIjoiZWFzdHVzIn0.UkK_nOafu2IpzmXBPxbp1xX8I-2qpQsaDw92C6xkoy-Y_OcVyih5kuwuBhfnT6iwGAAlzkEjdM-m4trHyj_wFynR3de6QVLwSWmEcrGbZIFZj64Z-0xENfaX1c7Hp0ZCqq0D5NaJd8znxZz34H2K_kzug-4ugvkPkh0OPUONOPmKxfIfSiKMq_uZtmY464NgeFaiu25uJPwAUzInHEwy2KNTqlXG_QQn3oh57s2FbGBqVYxHaTKNMtZDwDTi743d5GHl6NcNn_rlGUqvJEH80JFyv_WJ5_PSscFbcWU6rgJZgqQv5X3YUCaqzaeMeonT5L5-tGRySbBDUv4KrV0oOg', 'Content-type': 'application/json', 'Accept': 'application/json'}
[2025-03-04 11:24:50,534] - INFO: request_url
[2025-03-04 11:24:50,538] - INFO: https://demo-us-1.leanix.net/services/integration-api/v1/configurations?connectorId=Survey Configuration&connectorType=Survey Configuration&connectorVersion=1.0.0&processingDirection=inbound&processingMode=partial
[2025-03-04 11:24:50,538] - DEBUG: Using stored bearer token in headers
[2025-03-04 11:24:50,741] - INFO: [{'connectorType': 'Survey Configuration', 'connectorId': 'Survey Configuration', 'connectorVersion': '1.0.0', 'processingDirection': 'inbound', 'processingMode': 'partial', 'metadata': {'lastUsedAt': '2025-03-04T16:11:01.464917Z', 'isDefaultConfiguration': False}}]
[2025-03-04 11:24:50,741] - ERROR: Failed to load survey configuration from IAPI
[2025-03-04 11:24:50,742] - ERROR: Unknown question ID: f653aa5d-5725-ccfa-8114-c550a281a370
[2025-03-04 11:24:50,742] - ERROR: Unknown question ID: 2cbdd0c4-4fb8-4f19-9b16-832b474c0359
[2025-03-04 11:24:50,742] - ERROR: Unknown question ID: 07eb631a-ddfc-5fe2-7d0e-e34a9bdf2ab0
[2025-03-04 11:24:50,742] - ERROR: Unknown question ID: 21f211ba-1235-00e8-be7b-25159a6cafa6
[2025-03-04 11:24:50,742] - ERROR: Unknown question ID: 67724086-6bf9-30f5-e186-54df9ba8b34c
[2025-03-04 11:24:50,742] - INFO: request_url
[2025-03-04 11:24:50,742] - INFO: https://demo-us-1.leanix.net/services/integration-api/v1/configurations?connectorId=Survey Configuration&connectorType=Survey Configuration&connectorVersion=1.0.0&processingDirection=inbound&processingMode=partial
[2025-03-04 11:24:50,742] - DEBUG: Using stored bearer token in headers
[2025-03-04 11:24:50,923] - INFO: [{'connectorType': 'Survey Configuration', 'connectorId': 'Survey Configuration', 'connectorVersion': '1.0.0', 'processingDirection': 'inbound', 'processingMode': 'partial', 'metadata': {'lastUsedAt': '2025-03-04T16:11:01.464917Z', 'isDefaultConfiguration': False}}]
[2025-03-04 11:24:50,924] - DEBUG: Using stored bearer token in headers
