[2025-03-04 11:21:37,813] - INFO: running locally
[2025-03-04 11:21:37,813] - INFO: Loading environment variables from: /Users/I759962/Documents/repos/techChallenges/techChallenge3/./.env
[2025-03-04 11:21:37,814] - INFO: Environment variables loaded successfully
[2025-03-04 11:21:38,071] - DEBUG: Received bearer token from LeanIX
[2025-03-04 11:21:38,071] - DEBUG: Bearer Token: eyJraWQiOiI0ODQxM2FmNzc3YTEyZmJlNTVlMmYxNzQ5ODg4ODQ0MyIsImFsZyI6IlJTMjU2In0.eyJzdWIiOiJmNGU2OGQxMi1mNWNlLTQzNWMtYjZlNS1jNjg4M2Y4ZTFhYTQuMTEzNTI4NDgzNEB0ZWNobmljYWx1c2Vycy5sZWFuaXgubG9jYWwiLCJwcmluY2lwYWwiOnsiaWQiOiI0MmNiZTRjYy01YmEzLTQzOGMtYjRjNC1kNTZiNDJmOTVjYTIiLCJ1c2VybmFtZSI6ImY0ZTY4ZDEyLWY1Y2UtNDM1Yy1iNmU1LWM2ODgzZjhlMWFhNC4xMTM1Mjg0ODM0QHRlY2huaWNhbHVzZXJzLmxlYW5peC5sb2NhbCIsInJvbGUiOiJBQ0NPVU5UVVNFUiIsInN0YXR1cyI6IkFDVElWRSIsImFjY291bnQiOnsiaWQiOiI1YjA1NWMxYi0yZWEyLTQ1YmItOTMwNS00ODZkODMxZGU0YjUiLCJuYW1lIjoibGVhbml4In0sInBlcm1pc3Npb24iOnsiaWQiOiI0YTNlYmFkZi1iNTk3LTQ1YTUtODM0Ny0xNDUwZjU0NDJjMzciLCJ3b3Jrc3BhY2VJZCI6ImY0ZTY4ZDEyLWY1Y2UtNDM1Yy1iNmU1LWM2ODgzZjhlMWFhNCIsIndvcmtzcGFjZU5hbWUiOiJWSU1EZW1vIiwicm9sZSI6IkFETUlOIiwiY3VzdG9tZXJSb2xlcyI6bnVsbCwiYWNjZXNzQ29udHJvbEVudGl0aWVzIjpudWxsLCJzdGF0dXMiOiJBQ1RJVkUiLCJhc1VzZXIiOm51bGx9fSwiaXNzIjoiaHR0cHM6Ly91cy1zdmMubGVhbml4Lm5ldCIsImp0aSI6ImJlYmVhOTMwLWIwMWItNGU1NS1hMDIwLTY4MDExYmNjYjVkMSIsImV4cCI6MTc0MTEwODg5OCwiaW5zdGFuY2VVcmwiOiJodHRwczovL2RlbW8tdXMtMS5sZWFuaXgubmV0IiwicmVnaW9uIjoiZWFzdHVzIn0.pRP5k-YOWYHarel9psqTxeGifaJkv3umntLN0mu13abuET9Fasnh2YDfm3EUI1a9W0O7yjW0GPvC55c0G1fFY7U0jJDNRa2Jdlx3QwmAv-mwTmQqc7jeTMC4hQG1ilylmsYy1oB4271ccNpXrMKnuj1yepBOaiJVU9rsSCaxjZnik5NA1_a6IrgOEiSu7kWKcWr_Jt5qS9x7HeXVUgu4ffegONs6LF9frAScezwBTF8atvOYIg_N5exvVXySYnXUzASBPsPUibf6HytN9YfpTtwAi4S9wdFAQ7HgGAO0JlTwuVMO5LfNXPk0eJ31xsMKbSJ7Ic3k4HleFJxmMFkxCA
[2025-03-04 11:21:38,072] - DEBUG: Workspace ID: f4e68d12-f5ce-435c-b6e5-c6883f8e1aa4
[2025-03-04 11:21:38,072] - DEBUG: Workspace Name: VIMDemo
[2025-03-04 11:21:38,072] - DEBUG: Technical User ID: 42cbe4cc-5ba3-438c-b4c4-d56b42f95ca2
[2025-03-04 11:21:38,072] - DEBUG: Technical User Email: f4e68d12-f5ce-435c-b6e5-c6883f8e1aa4.1135284834@technicalusers.leanix.local
[2025-03-04 11:21:38,072] - DEBUG: Technical User MTM Role: ACCOUNTUSER
[2025-03-04 11:21:38,073] - DEBUG: Technical User Workspace Role: ADMIN
[2025-03-04 11:21:38,073] - DEBUG: Headers: {'Authorization': 'Bearer eyJraWQiOiI0ODQxM2FmNzc3YTEyZmJlNTVlMmYxNzQ5ODg4ODQ0MyIsImFsZyI6IlJTMjU2In0.eyJzdWIiOiJmNGU2OGQxMi1mNWNlLTQzNWMtYjZlNS1jNjg4M2Y4ZTFhYTQuMTEzNTI4NDgzNEB0ZWNobmljYWx1c2Vycy5sZWFuaXgubG9jYWwiLCJwcmluY2lwYWwiOnsiaWQiOiI0MmNiZTRjYy01YmEzLTQzOGMtYjRjNC1kNTZiNDJmOTVjYTIiLCJ1c2VybmFtZSI6ImY0ZTY4ZDEyLWY1Y2UtNDM1Yy1iNmU1LWM2ODgzZjhlMWFhNC4xMTM1Mjg0ODM0QHRlY2huaWNhbHVzZXJzLmxlYW5peC5sb2NhbCIsInJvbGUiOiJBQ0NPVU5UVVNFUiIsInN0YXR1cyI6IkFDVElWRSIsImFjY291bnQiOnsiaWQiOiI1YjA1NWMxYi0yZWEyLTQ1YmItOTMwNS00ODZkODMxZGU0YjUiLCJuYW1lIjoibGVhbml4In0sInBlcm1pc3Npb24iOnsiaWQiOiI0YTNlYmFkZi1iNTk3LTQ1YTUtODM0Ny0xNDUwZjU0NDJjMzciLCJ3b3Jrc3BhY2VJZCI6ImY0ZTY4ZDEyLWY1Y2UtNDM1Yy1iNmU1LWM2ODgzZjhlMWFhNCIsIndvcmtzcGFjZU5hbWUiOiJWSU1EZW1vIiwicm9sZSI6IkFETUlOIiwiY3VzdG9tZXJSb2xlcyI6bnVsbCwiYWNjZXNzQ29udHJvbEVudGl0aWVzIjpudWxsLCJzdGF0dXMiOiJBQ1RJVkUiLCJhc1VzZXIiOm51bGx9fSwiaXNzIjoiaHR0cHM6Ly91cy1zdmMubGVhbml4Lm5ldCIsImp0aSI6ImJlYmVhOTMwLWIwMWItNGU1NS1hMDIwLTY4MDExYmNjYjVkMSIsImV4cCI6MTc0MTEwODg5OCwiaW5zdGFuY2VVcmwiOiJodHRwczovL2RlbW8tdXMtMS5sZWFuaXgubmV0IiwicmVnaW9uIjoiZWFzdHVzIn0.pRP5k-YOWYHarel9psqTxeGifaJkv3umntLN0mu13abuET9Fasnh2YDfm3EUI1a9W0O7yjW0GPvC55c0G1fFY7U0jJDNRa2Jdlx3QwmAv-mwTmQqc7jeTMC4hQG1ilylmsYy1oB4271ccNpXrMKnuj1yepBOaiJVU9rsSCaxjZnik5NA1_a6IrgOEiSu7kWKcWr_Jt5qS9x7HeXVUgu4ffegONs6LF9frAScezwBTF8atvOYIg_N5exvVXySYnXUzASBPsPUibf6HytN9YfpTtwAi4S9wdFAQ7HgGAO0JlTwuVMO5LfNXPk0eJ31xsMKbSJ7Ic3k4HleFJxmMFkxCA', 'Content-type': 'application/json', 'Accept': 'application/json'}
[2025-03-04 11:21:38,073] - INFO: request_url
[2025-03-04 11:21:38,073] - INFO: https://demo-us-1.leanix.net/services/integration-api/v1/configurations?connectorId=Survey Configuration&connectorType=Survey Configuration&connectorVersion=1.0.0&processingDirection=inbound&processingMode=partial
[2025-03-04 11:21:38,074] - DEBUG: Using stored bearer token in headers
[2025-03-04 11:21:38,269] - INFO: [{'connectorType': 'Survey Configuration', 'connectorId': 'Survey Configuration', 'connectorVersion': '1.0.0', 'processingDirection': 'inbound', 'processingMode': 'partial', 'metadata': {'lastUsedAt': '2025-03-04T16:11:01.464917Z', 'isDefaultConfiguration': False}}]
[2025-03-04 11:21:38,270] - ERROR: Failed to load survey configuration from IAPI
[2025-03-04 11:21:38,271] - ERROR: Unknown question ID: f653aa5d-5725-ccfa-8114-c550a281a370
[2025-03-04 11:21:38,271] - ERROR: Unknown question ID: 2cbdd0c4-4fb8-4f19-9b16-832b474c0359
[2025-03-04 11:21:38,271] - ERROR: Unknown question ID: 07eb631a-ddfc-5fe2-7d0e-e34a9bdf2ab0
[2025-03-04 11:21:38,271] - ERROR: Unknown question ID: 21f211ba-1235-00e8-be7b-25159a6cafa6
[2025-03-04 11:21:38,272] - ERROR: Unknown question ID: 67724086-6bf9-30f5-e186-54df9ba8b34c
[2025-03-04 11:21:38,272] - INFO: request_url
[2025-03-04 11:21:38,272] - INFO: https://demo-us-1.leanix.net/services/integration-api/v1/configurations?connectorId=Survey Configuration&connectorType=Survey Configuration&connectorVersion=1.0.0&processingDirection=inbound&processingMode=partial
[2025-03-04 11:21:38,272] - DEBUG: Using stored bearer token in headers
[2025-03-04 11:21:38,447] - INFO: [{'connectorType': 'Survey Configuration', 'connectorId': 'Survey Configuration', 'connectorVersion': '1.0.0', 'processingDirection': 'inbound', 'processingMode': 'partial', 'metadata': {'lastUsedAt': '2025-03-04T16:11:01.464917Z', 'isDefaultConfiguration': False}}]
[2025-03-04 11:21:38,449] - DEBUG: Using stored bearer token in headers
[2025-03-04 11:21:38,783] - ERROR: A GraphQL error occured while updating the factsheet:
[{'message': "illegal argument 'id': invalid UUID string", 'path': ['updateFactSheet'], 'extensions': {'errorType': 'UNKNOWN'}}]
[2025-03-04 11:21:38,783] - ERROR: Error processing request: A GraphQL error occured while updating the factsheet:
[{'message': "illegal argument 'id': invalid UUID string", 'path': ['updateFactSheet'], 'extensions': {'errorType': 'UNKNOWN'}}]
